<?xml version="1.0" encoding="UTF-8"?>
<!-- Generated by org.testng.reporters.JUnitReportReporter -->
<testsuite skipped="3" hostname="w10bookcorderoa" name="tests.Login" tests="4" failures="0" timestamp="2021-05-19T17:40:44 ART" time="9.077" errors="0">
  <testcase name="pruebaUno" time="9.077" classname="tests.Login"/>
  <system-out/>
  <testcase name="pruebaTituloEnUsuario" classname="tests.Login">
    <skipped/>
  </testcase> <!-- pruebaTituloEnUsuario -->
  <system-out/>
  <testcase name="pruebaCantidadDeCampos" classname="tests.Login">
    <skipped/>
  </testcase> <!-- pruebaCantidadDeCampos -->
  <system-out/>
  <testcase name="pruebaDos" classname="tests.Login">
    <skipped/>
  </testcase> <!-- pruebaDos -->
  <system-out/>
</testsuite> <!-- tests.Login -->
