<?xml version="1.0" encoding="UTF-8"?>
<!-- Generated by org.testng.reporters.JUnitReportReporter -->
<testsuite skipped="0" hostname="w10bookcorderoa" name="tests.Tests" tests="1" failures="0" timestamp="2021-05-18T16:26:38 ART" time="8.448" errors="0">
  <testcase name="pruebaUno" time="8.448" classname="tests.Tests"/>
  <system-out/>
</testsuite> <!-- tests.Tests -->
