<?xml version="1.0" encoding="UTF-8"?>
<!-- Generated by org.testng.reporters.JUnitReportReporter -->
<testsuite skipped="4" hostname="w10bookcorderoa" name="tests.Tests" tests="5" failures="0" timestamp="2021-05-19T16:47:06 ART" time="17.241" errors="0">
  <testcase name="pruebaUno" time="17.241" classname="tests.Tests"/>
  <system-out/>
  <testcase name="pruebaTres" classname="tests.Tests">
    <skipped/>
  </testcase> <!-- pruebaTres -->
  <system-out/>
  <testcase name="pruebaCantidadDeCampos" classname="tests.Tests">
    <skipped/>
  </testcase> <!-- pruebaCantidadDeCampos -->
  <system-out/>
  <testcase name="pruebaDos" classname="tests.Tests">
    <skipped/>
  </testcase> <!-- pruebaDos -->
  <system-out/>
  <testcase name="pruebaTituloEnUsuario" classname="tests.Tests">
    <skipped/>
  </testcase> <!-- pruebaTituloEnUsuario -->
  <system-out/>
</testsuite> <!-- tests.Tests -->
