<?xml version="1.0" encoding="UTF-8"?>
<!-- Generated by org.testng.reporters.JUnitReportReporter -->
<testsuite skipped="0" hostname="w10bookcorderoa" name="tests.Tests" tests="1" failures="0" timestamp="2021-05-18T11:33:20 ART" time="8.717" errors="0">
  <testcase name="pruebaCantidadDeCampos" time="8.717" classname="tests.Tests"/>
  <system-out/>
</testsuite> <!-- tests.Tests -->
