<?xml version="1.0" encoding="UTF-8"?>
<!-- Generated by org.testng.reporters.JUnitReportReporter -->
<testsuite skipped="0" hostname="w10bookcorderoa" name="tests.Reservas" tests="1" failures="0" timestamp="2021-05-19T17:40:44 ART" time="6.779" errors="0">
  <testcase name="pruebaTres" time="6.779" classname="tests.Reservas"/>
  <system-out/>
</testsuite> <!-- tests.Reservas -->
