<?xml version="1.0" encoding="UTF-8"?>
<!-- Generated by org.testng.reporters.JUnitReportReporter -->
<testsuite skipped="5" hostname="w10bookcorderoa" name="tests.Tests" tests="6" failures="0" timestamp="2021-05-19T16:02:53 ART" time="63.667" errors="1">
  <testcase name="setUp" time="63.667" classname="tests.Tests">
    <error type="org.openqa.selenium.WebDriverException" message="chrome not reachable
Build info: version: &#039;3.141.59&#039;, revision: &#039;e82be7d358&#039;, time: &#039;2018-11-14T08:17:03&#039;
System info: host: &#039;W10BOOKCORDEROA&#039;, ip: &#039;172.24.48.18&#039;, os.name: &#039;Windows 10&#039;, os.arch: &#039;amd64&#039;, os.version: &#039;10.0&#039;, java.version: &#039;1.8.0_291&#039;
Driver info: driver.version: ChromeDriver
remote stacktrace: Backtrace:
	Ordinal0 [0x00C0C013+2474003]
	Ordinal0 [0x00BA29C1+2042305]
	Ordinal0 [0x00AB2E30+1060400]
	Ordinal0 [0x00AA7743+1013571]
	Ordinal0 [0x00AD1282+1184386]
	Ordinal0 [0x00ACD600+1168896]
	Ordinal0 [0x00ACAA83+1157763]
	Ordinal0 [0x00AFA2A2+1352354]
	Ordinal0 [0x00AF8FAA+1347498]
	Ordinal0 [0x00AF66DB+1337051]
	Ordinal0 [0x00AD3427+1192999]
	Ordinal0 [0x00AD42EE+1196782]
	Ordinal0 [0x00AD4279+1196665]
	GetHandleVerifier [0x00D996FC+1590332]
	GetHandleVerifier [0x00E48614+2306900]
	GetHandleVerifier [0x00C99E93+543699]
	GetHandleVerifier [0x00C992CE+540686]
	Ordinal0 [0x00BA86BA+2066106]
	Ordinal0 [0x00BAD1C8+2085320]
	Ordinal0 [0x00BAD308+2085640]
	Ordinal0 [0x00BB67F3+2123763]
	BaseThreadInitThunk [0x76858654+36]
	RtlGetAppContainerNamedObjectPath [0x771B4A47+311]
	RtlGetAppContainerNamedObjectPath [0x771B4A17+263]
">
      <![CDATA[org.openqa.selenium.WebDriverException: chrome not reachable
Build info: version: '3.141.59', revision: 'e82be7d358', time: '2018-11-14T08:17:03'
System info: host: 'W10BOOKCORDEROA', ip: '172.24.48.18', os.name: 'Windows 10', os.arch: 'amd64', os.version: '10.0', java.version: '1.8.0_291'
Driver info: driver.version: ChromeDriver
remote stacktrace: Backtrace:
Ordinal0 [0x00C0C013+2474003]
Ordinal0 [0x00BA29C1+2042305]
Ordinal0 [0x00AB2E30+1060400]
Ordinal0 [0x00AA7743+1013571]
Ordinal0 [0x00AD1282+1184386]
Ordinal0 [0x00ACD600+1168896]
Ordinal0 [0x00ACAA83+1157763]
Ordinal0 [0x00AFA2A2+1352354]
Ordinal0 [0x00AF8FAA+1347498]
Ordinal0 [0x00AF66DB+1337051]
Ordinal0 [0x00AD3427+1192999]
Ordinal0 [0x00AD42EE+1196782]
Ordinal0 [0x00AD4279+1196665]
GetHandleVerifier [0x00D996FC+1590332]
GetHandleVerifier [0x00E48614+2306900]
GetHandleVerifier [0x00C99E93+543699]
GetHandleVerifier [0x00C992CE+540686]
Ordinal0 [0x00BA86BA+2066106]
Ordinal0 [0x00BAD1C8+2085320]
Ordinal0 [0x00BAD308+2085640]
Ordinal0 [0x00BB67F3+2123763]
BaseThreadInitThunk [0x76858654+36]
RtlGetAppContainerNamedObjectPath [0x771B4A47+311]
RtlGetAppContainerNamedObjectPath [0x771B4A17+263]

at sun.reflect.NativeConstructorAccessorImpl.newInstance0(Native Method)
at sun.reflect.NativeConstructorAccessorImpl.newInstance(Unknown Source)
at sun.reflect.DelegatingConstructorAccessorImpl.newInstance(Unknown Source)
at java.lang.reflect.Constructor.newInstance(Unknown Source)
at org.openqa.selenium.remote.W3CHandshakeResponse.lambda$errorHandler$0(W3CHandshakeResponse.java:62)
at org.openqa.selenium.remote.HandshakeResponse.lambda$getResponseFunction$0(HandshakeResponse.java:30)
at org.openqa.selenium.remote.ProtocolHandshake.lambda$createSession$0(ProtocolHandshake.java:126)
at java.util.stream.ReferencePipeline$3$1.accept(Unknown Source)
at java.util.Spliterators$ArraySpliterator.tryAdvance(Unknown Source)
at java.util.stream.ReferencePipeline.forEachWithCancel(Unknown Source)
at java.util.stream.AbstractPipeline.copyIntoWithCancel(Unknown Source)
at java.util.stream.AbstractPipeline.copyInto(Unknown Source)
at java.util.stream.AbstractPipeline.wrapAndCopyInto(Unknown Source)
at java.util.stream.FindOps$FindOp.evaluateSequential(Unknown Source)
at java.util.stream.AbstractPipeline.evaluate(Unknown Source)
at java.util.stream.ReferencePipeline.findFirst(Unknown Source)
at org.openqa.selenium.remote.ProtocolHandshake.createSession(ProtocolHandshake.java:128)
at org.openqa.selenium.remote.ProtocolHandshake.createSession(ProtocolHandshake.java:74)
at org.openqa.selenium.remote.HttpCommandExecutor.execute(HttpCommandExecutor.java:136)
at org.openqa.selenium.remote.service.DriverCommandExecutor.execute(DriverCommandExecutor.java:83)
at org.openqa.selenium.remote.RemoteWebDriver.execute(RemoteWebDriver.java:552)
at org.openqa.selenium.remote.RemoteWebDriver.startSession(RemoteWebDriver.java:213)
at org.openqa.selenium.remote.RemoteWebDriver.<init>(RemoteWebDriver.java:131)
at org.openqa.selenium.chrome.ChromeDriver.<init>(ChromeDriver.java:181)
at org.openqa.selenium.chrome.ChromeDriver.<init>(ChromeDriver.java:168)
at org.openqa.selenium.chrome.ChromeDriver.<init>(ChromeDriver.java:157)
at tests.Tests.setUp(Tests.java:36)
at sun.reflect.NativeMethodAccessorImpl.invoke0(Native Method)
at sun.reflect.NativeMethodAccessorImpl.invoke(Unknown Source)
at sun.reflect.DelegatingMethodAccessorImpl.invoke(Unknown Source)
at java.lang.reflect.Method.invoke(Unknown Source)
at org.testng.internal.MethodInvocationHelper.invokeMethod(MethodInvocationHelper.java:133)
at org.testng.internal.MethodInvocationHelper.invokeMethodConsideringTimeout(MethodInvocationHelper.java:62)
at org.testng.internal.ConfigInvoker.invokeConfigurationMethod(ConfigInvoker.java:385)
at org.testng.internal.ConfigInvoker.invokeConfigurations(ConfigInvoker.java:321)
at org.testng.internal.TestInvoker.runConfigMethods(TestInvoker.java:700)
at org.testng.internal.TestInvoker.invokeMethod(TestInvoker.java:527)
at org.testng.internal.TestInvoker.invokeTestMethod(TestInvoker.java:173)
at org.testng.internal.MethodRunner.runInSequence(MethodRunner.java:46)
at org.testng.internal.TestInvoker$MethodInvocationAgent.invoke(TestInvoker.java:824)
at org.testng.internal.TestInvoker.invokeTestMethods(TestInvoker.java:146)
at org.testng.internal.TestMethodWorker.invokeTestMethods(TestMethodWorker.java:146)
at org.testng.internal.TestMethodWorker.run(TestMethodWorker.java:128)
at java.util.ArrayList.forEach(Unknown Source)
at org.testng.TestRunner.privateRun(TestRunner.java:794)
at org.testng.TestRunner.run(TestRunner.java:596)
at org.testng.SuiteRunner.runTest(SuiteRunner.java:377)
at org.testng.SuiteRunner.runSequentially(SuiteRunner.java:371)
at org.testng.SuiteRunner.privateRun(SuiteRunner.java:332)
at org.testng.SuiteRunner.run(SuiteRunner.java:276)
at org.testng.SuiteRunnerWorker.runSuite(SuiteRunnerWorker.java:53)
at org.testng.SuiteRunnerWorker.run(SuiteRunnerWorker.java:96)
at org.testng.TestNG.runSuitesSequentially(TestNG.java:1212)
at org.testng.TestNG.runSuitesLocally(TestNG.java:1134)
at org.testng.TestNG.runSuites(TestNG.java:1063)
at org.testng.TestNG.run(TestNG.java:1031)
at org.apache.maven.surefire.testng.TestNGExecutor.run(TestNGExecutor.java:77)
at org.apache.maven.surefire.testng.TestNGDirectoryTestSuite.execute(TestNGDirectoryTestSuite.java:110)
at org.apache.maven.surefire.testng.TestNGProvider.invoke(TestNGProvider.java:106)
at sun.reflect.NativeMethodAccessorImpl.invoke0(Native Method)
at sun.reflect.NativeMethodAccessorImpl.invoke(Unknown Source)
at sun.reflect.DelegatingMethodAccessorImpl.invoke(Unknown Source)
at java.lang.reflect.Method.invoke(Unknown Source)
at org.apache.maven.surefire.util.ReflectionUtils.invokeMethodWithArray(ReflectionUtils.java:189)
at org.apache.maven.surefire.booter.ProviderFactory$ProviderProxy.invoke(ProviderFactory.java:165)
at org.apache.maven.surefire.booter.ProviderFactory.invokeProvider(ProviderFactory.java:85)
at org.apache.maven.surefire.booter.ForkedBooter.runSuitesInProcess(ForkedBooter.java:115)
at org.apache.maven.surefire.booter.ForkedBooter.main(ForkedBooter.java:75)
]]>
    </error>
  </testcase> <!-- setUp -->
  <system-out/>
  <testcase name="pruebaDos" time="0.000" classname="tests.Tests">
    <skipped/>
  </testcase> <!-- pruebaDos -->
  <system-out/>
  <testcase name="pruebaCantidadDeCampos" time="0.000" classname="tests.Tests">
    <skipped/>
  </testcase> <!-- pruebaCantidadDeCampos -->
  <system-out/>
  <testcase name="pruebaUno" time="0.000" classname="tests.Tests">
    <skipped/>
  </testcase> <!-- pruebaUno -->
  <system-out/>
  <testcase name="pruebaTituloEnUsuario" time="0.000" classname="tests.Tests">
    <skipped/>
  </testcase> <!-- pruebaTituloEnUsuario -->
  <system-out/>
  <testcase name="pruebaTres" time="0.000" classname="tests.Tests">
    <skipped/>
  </testcase> <!-- pruebaTres -->
  <system-out/>
</testsuite> <!-- tests.Tests -->
