<?xml version="1.0" encoding="UTF-8"?>
<!-- Generated by org.testng.reporters.JUnitReportReporter -->
<testsuite skipped="0" hostname="w10bookcorderoa" name="tests.Tests" tests="5" failures="0" timestamp="2021-05-19T11:10:28 ART" time="32.079" errors="0">
  <testcase name="pruebaTituloEnUsuario" time="5.151" classname="tests.Tests"/>
  <system-out/>
  <testcase name="pruebaCantidadDeCampos" time="5.004" classname="tests.Tests"/>
  <system-out/>
  <testcase name="pruebaTres" time="6.610" classname="tests.Tests"/>
  <system-out/>
  <testcase name="pruebaUno" time="7.070" classname="tests.Tests"/>
  <system-out/>
  <testcase name="pruebaDos" time="8.244" classname="tests.Tests"/>
  <system-out/>
</testsuite> <!-- tests.Tests -->
